<?xml version="1.0" encoding="UTF-8"?>
<!-- Generated by org.testng.reporters.JUnitReportReporter -->
<testsuite hostname="DESKTOP-821RUSV" failures="0" tests="3" name="firstdemo.Parametiriztion" time="10.002" errors="0" timestamp="2023-02-28T13:05:33 IST" skipped="0">
  <testcase classname="firstdemo.Parametiriztion" name="facebooklogin" time="4.483"/>
  <system-out/>
  <testcase classname="firstdemo.Parametiriztion" name="facebooklogin" time="2.670"/>
  <system-out/>
  <testcase classname="firstdemo.Parametiriztion" name="facebooklogin" time="2.849"/>
  <system-out/>
</testsuite> <!-- firstdemo.Parametiriztion -->
