<?xml version="1.0" encoding="UTF-8"?>
<!-- Generated by org.testng.reporters.JUnitReportReporter -->
<testsuite hostname="DESKTOP-821RUSV" failures="0" tests="4" name="firstdemo.TestNG" time="4.245" errors="0" timestamp="2023-02-24T12:30:10 IST" skipped="3">
  <testcase classname="firstdemo.TestNG" name="facebook" time="4.245"/>
  <system-out/>
  <testcase classname="firstdemo.TestNG" name="snapdeal">
    <skipped/>
  </testcase> <!-- snapdeal -->
  <system-out/>
  <testcase classname="firstdemo.TestNG" name="flipkart">
    <skipped/>
  </testcase> <!-- flipkart -->
  <system-out/>
  <testcase classname="firstdemo.TestNG" name="amazon">
    <skipped/>
  </testcase> <!-- amazon -->
  <system-out/>
</testsuite> <!-- firstdemo.TestNG -->
