<?xml version="1.0" encoding="UTF-8"?>
<!-- Generated by org.testng.reporters.JUnitReportReporter -->
<testsuite hostname="DESKTOP-821RUSV" failures="0" tests="2" name="firstdemo.MultiClassExecution" time="17.477" errors="0" timestamp="2023-02-24T12:26:01 IST" skipped="0">
  <testcase classname="firstdemo.MultiClassExecution" name="Frame" time="4.882"/>
  <system-out/>
  <testcase classname="firstdemo.MultiClassExecution" name="youtube" time="12.595"/>
  <system-out/>
</testsuite> <!-- firstdemo.MultiClassExecution -->
