<?xml version="1.0" encoding="UTF-8"?>
<!-- Generated by org.testng.reporters.JUnitReportReporter -->
<testsuite hostname="DESKTOP-821RUSV" failures="0" tests="1" name="firstdemo.AssertTest" time="4.299" errors="0" timestamp="2023-02-28T15:33:18 IST" skipped="0">
  <testcase classname="firstdemo.AssertTest" name="demoAssert" time="4.299"/>
  <system-out/>
</testsuite> <!-- firstdemo.AssertTest -->
