<?xml version="1.0" encoding="UTF-8"?>
<!-- Generated by org.testng.reporters.JUnitReportReporter -->
<testsuite hostname="DESKTOP-821RUSV" failures="0" tests="5" name="firstdemo.Parameterization" time="19.644" errors="0" timestamp="2023-02-28T14:46:22 IST" skipped="0">
  <testcase classname="firstdemo.Parameterization" name="facebooklogin" time="3.582"/>
  <system-out/>
  <testcase classname="firstdemo.Parameterization" name="facebooklogin" time="5.294"/>
  <system-out/>
  <testcase classname="firstdemo.Parameterization" name="facebooklogin" time="3.545"/>
  <system-out/>
  <testcase classname="firstdemo.Parameterization" name="facebooklogin" time="3.455"/>
  <system-out/>
  <testcase classname="firstdemo.Parameterization" name="facebooklogin" time="3.768"/>
  <system-out/>
</testsuite> <!-- firstdemo.Parameterization -->
