<?xml version="1.0" encoding="UTF-8"?>
<!-- Generated by org.testng.reporters.JUnitReportReporter -->
<testsuite hostname="DESKTOP-821RUSV" failures="0" tests="4" name="firstdemo.TestTwo" time="28.452" errors="0" timestamp="2023-02-24T12:04:59 IST" skipped="0">
  <testcase classname="firstdemo.TestTwo" name="flipkart" time="6.452"/>
  <system-out/>
  <testcase classname="firstdemo.TestTwo" name="snapdeal" time="4.991"/>
  <system-out/>
  <testcase classname="firstdemo.TestTwo" name="amazon" time="11.351"/>
  <system-out/>
  <testcase classname="firstdemo.TestTwo" name="facebook" time="5.658"/>
  <system-out/>
</testsuite> <!-- firstdemo.TestTwo -->
