<?xml version="1.0" encoding="UTF-8"?>
<!-- Generated by org.testng.reporters.JUnitReportReporter -->
<testsuite hostname="DESKTOP-821RUSV" failures="0" tests="2" name="firstdemo.ParallelExecution2" time="31.763" errors="0" timestamp="2023-02-24T12:42:33 IST" skipped="0">
  <testcase classname="firstdemo.ParallelExecution2" name="flipkart" time="15.639"/>
  <system-out/>
  <testcase classname="firstdemo.ParallelExecution2" name="snapdeal" time="16.124"/>
  <system-out/>
</testsuite> <!-- firstdemo.ParallelExecution2 -->
