<?xml version="1.0" encoding="UTF-8"?>
<!-- Generated by org.testng.reporters.JUnitReportReporter -->
<testsuite hostname="DESKTOP-821RUSV" failures="0" tests="3" name="firstdemo.MultipleDatasPass" time="9.818" errors="0" timestamp="2023-02-28T11:31:24 IST" skipped="0">
  <testcase classname="firstdemo.MultipleDatasPass" name="facebookLogin" time="3.967"/>
  <system-out/>
  <testcase classname="firstdemo.MultipleDatasPass" name="facebookLogin" time="2.748"/>
  <system-out/>
  <testcase classname="firstdemo.MultipleDatasPass" name="facebookLogin" time="3.103"/>
  <system-out/>
</testsuite> <!-- firstdemo.MultipleDatasPass -->
