<?xml version="1.0" encoding="UTF-8"?>
<!-- Generated by org.testng.reporters.JUnitReportReporter -->
<testsuite hostname="DESKTOP-821RUSV" failures="0" tests="2" name="firstdemo.ParallelExecution" time="32.049" errors="0" timestamp="2023-02-24T12:42:33 IST" skipped="0">
  <testcase classname="firstdemo.ParallelExecution" name="Automationdemo" time="13.249"/>
  <system-out/>
  <testcase classname="firstdemo.ParallelExecution" name="youtube" time="18.800"/>
  <system-out/>
</testsuite> <!-- firstdemo.ParallelExecution -->
